go 0
0x1c8009    0
0x24c00a    1
0x244000    2
0x46c00    3
0x10c000    4
0xc8000    5
0x308003    6
0x404010    7
0x0    8
0x5    9
0x3    10
0x2    11
0x0    12
0x8    13
0x64    14
0x0    15
0x0    16
0x0    17
0x0    18
0x0    19
0x0    20
0x0    21
0x0    22
0x0    23
0x0    24
0x0    25
0x0    26
0x0    27
0x0    28
0x0    29
0x0    30
0x0    31
0x0    32
0x0    33
0x0    34
0x0    35
0x0    36
0x0    37
0x0    38
0x0    39
0x0    40
0x0    41
0x0    42
0x0    43
0x0    44
0x0    45
0x0    46
0x0    47
0x0    48
0x0    49
0x0    50
0x0    51
0x0    52
0x0    53
0x0    54
0x0    55
0x0    56
0x0    57
0x0    58
0x0    59
0x0    60
0x0    61
0x0    62
0x0    63
0x0    64
0x0    65
0x0    66
0x0    67
0x0    68
0x0    69
0x0    70
0x0    71
0x0    72
0x0    73
0x0    74
0x0    75
0x0    76
0x0    77
0x0    78
0x0    79
0x0    80
0x0    81
0x0    82
0x0    83
0x0    84
0x0    85
0x0    86
0x0    87
0x0    88
0x0    89
0x0    90
0x0    91
0x0    92
0x0    93
0x0    94
0x0    95
0x0    96
0x0    97
0x0    98
0x0    99
0x0    100
0x0    101
0x0    102
0x0    103
0x0    104
0x0    105
0x0    106
0x0    107
0x0    108
0x0    109
0x0    110
0x0    111
0x0    112
0x0    113
0x0    114
0x0    115
0x0    116
0x0    117
0x0    118
0x0    119
0x0    120
0x0    121
0x0    122
0x0    123
0x0    124
0x0    125
0x0    126
0x0    127
0x0    128
0x0    129
0x0    130
0x0    131
0x0    132
0x0    133
0x0    134
0x0    135
0x0    136
0x0    137
0x0    138
0x0    139
0x0    140
0x0    141
0x0    142
0x0    143
0x0    144
0x0    145
0x0    146
0x0    147
0x0    148
0x0    149
0x0    150
0x0    151
0x0    152
0x0    153
0x0    154
0x0    155
0x0    156
0x0    157
0x0    158
0x0    159
0x0    160
0x0    161
0x0    162
0x0    163
0x0    164
0x0    165
0x0    166
0x0    167
0x0    168
0x0    169
0x0    170
0x0    171
0x0    172
0x0    173
0x0    174
0x0    175
0x0    176
0x0    177
0x0    178
0x0    179
0x0    180
0x0    181
0x0    182
0x0    183
0x0    184
0x0    185
0x0    186
0x0    187
0x0    188
0x0    189
0x0    190
0x0    191
0x0    192
0x0    193
0x0    194
0x0    195
0x0    196
0x0    197
0x0    198
0x0    199
0x0    200
0x0    201
0x0    202
0x0    203
0x0    204
0x0    205
0x0    206
0x0    207
0x0    208
0x0    209
0x0    210
0x0    211
0x0    212
0x0    213
0x0    214
0x0    215
0x0    216
0x0    217
0x0    218
0x0    219
0x0    220
0x0    221
0x0    222
0x0    223
0x0    224
0x0    225
0x0    226
0x0    227
0x0    228
0x0    229
0x0    230
0x0    231
0x0    232
0x0    233
0x0    234
0x0    235
0x0    236
0x0    237
0x0    238
0x0    239
0x0    240
0x0    241
0x0    242
0x0    243
0x0    244
0x0    245
0x0    246
0x0    247
0x0    248
0x0    249
0x0    250
0x0    251
0x0    252
0x0    253
0x0    254
0x0    255
0x0    256
0x0    257
0x0    258
0x0    259
0x0    260
0x0    261
0x0    262
0x0    263
0x0    264
0x0    265
0x0    266
0x0    267
0x0    268
0x0    269
0x0    270
0x0    271
0x0    272
0x0    273
0x0    274
0x0    275
0x0    276
0x0    277
0x0    278
0x0    279
0x0    280
0x0    281
0x0    282
0x0    283
0x0    284
0x0    285
0x0    286
0x0    287
0x0    288
0x0    289
0x0    290
0x0    291
0x0    292
0x0    293
0x0    294
0x0    295
0x0    296
0x0    297
0x0    298
0x0    299
0x0    300
0x0    301
0x0    302
0x0    303
0x0    304
0x0    305
0x0    306
0x0    307
0x0    308
0x0    309
0x0    310
0x0    311
0x0    312
0x0    313
0x0    314
0x0    315
0x0    316
0x0    317
0x0    318
0x0    319
0x0    320
0x0    321
0x0    322
0x0    323
0x0    324
0x0    325
0x0    326
0x0    327
0x0    328
0x0    329
0x0    330
0x0    331
0x0    332
0x0    333
0x0    334
0x0    335
0x0    336
0x0    337
0x0    338
0x0    339
0x0    340
0x0    341
0x0    342
0x0    343
0x0    344
0x0    345
0x0    346
0x0    347
0x0    348
0x0    349
0x0    350
0x0    351
0x0    352
0x0    353
0x0    354
0x0    355
0x0    356
0x0    357
0x0    358
0x0    359
0x0    360
0x0    361
0x0    362
0x0    363
0x0    364
0x0    365
0x0    366
0x0    367
0x0    368
0x0    369
0x0    370
0x0    371
0x0    372
0x0    373
0x0    374
0x0    375
0x0    376
0x0    377
0x0    378
0x0    379
0x0    380
0x0    381
0x0    382
0x0    383
0x0    384
0x0    385
0x0    386
0x0    387
0x0    388
0x0    389
0x0    390
0x0    391
0x0    392
0x0    393
0x0    394
0x0    395
0x0    396
0x0    397
0x0    398
0x0    399
0x0    400
0x0    401
0x0    402
0x0    403
0x0    404
0x0    405
0x0    406
0x0    407
0x0    408
0x0    409
0x0    410
0x0    411
0x0    412
0x0    413
0x0    414
0x0    415
0x0    416
0x0    417
0x0    418
0x0    419
0x0    420
0x0    421
0x0    422
0x0    423
0x0    424
0x0    425
0x0    426
0x0    427
0x0    428
0x0    429
0x0    430
0x0    431
0x0    432
0x0    433
0x0    434
0x0    435
0x0    436
0x0    437
0x0    438
0x0    439
0x0    440
0x0    441
0x0    442
0x0    443
0x0    444
0x0    445
0x0    446
0x0    447
0x0    448
0x0    449
0x0    450
0x0    451
0x0    452
0x0    453
0x0    454
0x0    455
0x0    456
0x0    457
0x0    458
0x0    459
0x0    460
0x0    461
0x0    462
0x0    463
0x0    464
0x0    465
0x0    466
0x0    467
0x0    468
0x0    469
0x0    470
0x0    471
0x0    472
0x0    473
0x0    474
0x0    475
0x0    476
0x0    477
0x0    478
0x0    479
0x0    480
0x0    481
0x0    482
0x0    483
0x0    484
0x0    485
0x0    486
0x0    487
0x0    488
0x0    489
0x0    490
0x0    491
0x0    492
0x0    493
0x0    494
0x0    495
0x0    496
0x0    497
0x0    498
0x0    499
0x0    500
0x0    501
0x0    502
0x0    503
0x0    504
0x0    505
0x0    506
0x0    507
0x0    508
0x0    509
0x0    510
0x0    511
0x0    512
0x0    513
0x0    514
0x0    515
0x0    516
0x0    517
0x0    518
0x0    519
0x0    520
0x0    521
0x0    522
0x0    523
0x0    524
0x0    525
0x0    526
0x0    527
0x0    528
0x0    529
0x0    530
0x0    531
0x0    532
0x0    533
0x0    534
0x0    535
0x0    536
0x0    537
0x0    538
0x0    539
0x0    540
0x0    541
0x0    542
0x0    543
0x0    544
0x0    545
0x0    546
0x0    547
0x0    548
0x0    549
0x0    550
0x0    551
0x0    552
0x0    553
0x0    554
0x0    555
0x0    556
0x0    557
0x0    558
0x0    559
0x0    560
0x0    561
0x0    562
0x0    563
0x0    564
0x0    565
0x0    566
0x0    567
0x0    568
0x0    569
0x0    570
0x0    571
0x0    572
0x0    573
0x0    574
0x0    575
0x0    576
0x0    577
0x0    578
0x0    579
0x0    580
0x0    581
0x0    582
0x0    583
0x0    584
0x0    585
0x0    586
0x0    587
0x0    588
0x0    589
0x0    590
0x0    591
0x0    592
0x0    593
0x0    594
0x0    595
0x0    596
0x0    597
0x0    598
0x0    599
0x0    600
0x0    601
0x0    602
0x0    603
0x0    604
0x0    605
0x0    606
0x0    607
0x0    608
0x0    609
0x0    610
0x0    611
0x0    612
0x0    613
0x0    614
0x0    615
0x0    616
0x0    617
0x0    618
0x0    619
0x0    620
0x0    621
0x0    622
0x0    623
0x0    624
0x0    625
0x0    626
0x0    627
0x0    628
0x0    629
0x0    630
0x0    631
0x0    632
0x0    633
0x0    634
0x0    635
0x0    636
0x0    637
0x0    638
0x0    639
0x0    640
0x0    641
0x0    642
0x0    643
0x0    644
0x0    645
0x0    646
0x0    647
0x0    648
0x0    649
0x0    650
0x0    651
0x0    652
0x0    653
0x0    654
0x0    655
0x0    656
0x0    657
0x0    658
0x0    659
0x0    660
0x0    661
0x0    662
0x0    663
0x0    664
0x0    665
0x0    666
0x0    667
0x0    668
0x0    669
0x0    670
0x0    671
0x0    672
0x0    673
0x0    674
0x0    675
0x0    676
0x0    677
0x0    678
0x0    679
0x0    680
0x0    681
0x0    682
0x0    683
0x0    684
0x0    685
0x0    686
0x0    687
0x0    688
0x0    689
0x0    690
0x0    691
0x0    692
0x0    693
0x0    694
0x0    695
0x0    696
0x0    697
0x0    698
0x0    699
0x0    700
0x0    701
0x0    702
0x0    703
0x0    704
0x0    705
0x0    706
0x0    707
0x0    708
0x0    709
0x0    710
0x0    711
0x0    712
0x0    713
0x0    714
0x0    715
0x0    716
0x0    717
0x0    718
0x0    719
0x0    720
0x0    721
0x0    722
0x0    723
0x0    724
0x0    725
0x0    726
0x0    727
0x0    728
0x0    729
0x0    730
0x0    731
0x0    732
0x0    733
0x0    734
0x0    735
0x0    736
0x0    737
0x0    738
0x0    739
0x0    740
0x0    741
0x0    742
0x0    743
0x0    744
0x0    745
0x0    746
0x0    747
0x0    748
0x0    749
0x0    750
0x0    751
0x0    752
0x0    753
0x0    754
0x0    755
0x0    756
0x0    757
0x0    758
0x0    759
0x0    760
0x0    761
0x0    762
0x0    763
0x0    764
0x0    765
0x0    766
0x0    767
0x0    768
0x0    769
0x0    770
0x0    771
0x0    772
0x0    773
0x0    774
0x0    775
0x0    776
0x0    777
0x0    778
0x0    779
0x0    780
0x0    781
0x0    782
0x0    783
0x0    784
0x0    785
0x0    786
0x0    787
0x0    788
0x0    789
0x0    790
0x0    791
0x0    792
0x0    793
0x0    794
0x0    795
0x0    796
0x0    797
0x0    798
0x0    799
0x0    800
0x0    801
0x0    802
0x0    803
0x0    804
0x0    805
0x0    806
0x0    807
0x0    808
0x0    809
0x0    810
0x0    811
0x0    812
0x0    813
0x0    814
0x0    815
0x0    816
0x0    817
0x0    818
0x0    819
0x0    820
0x0    821
0x0    822
0x0    823
0x0    824
0x0    825
0x0    826
0x0    827
0x0    828
0x0    829
0x0    830
0x0    831
0x0    832
0x0    833
0x0    834
0x0    835
0x0    836
0x0    837
0x0    838
0x0    839
0x0    840
0x0    841
0x0    842
0x0    843
0x0    844
0x0    845
0x0    846
0x0    847
0x0    848
0x0    849
0x0    850
0x0    851
0x0    852
0x0    853
0x0    854
0x0    855
0x0    856
0x0    857
0x0    858
0x0    859
0x0    860
0x0    861
0x0    862
0x0    863
0x0    864
0x0    865
0x0    866
0x0    867
0x0    868
0x0    869
0x0    870
0x0    871
0x0    872
0x0    873
0x0    874
0x0    875
0x0    876
0x0    877
0x0    878
0x0    879
0x0    880
0x0    881
0x0    882
0x0    883
0x0    884
0x0    885
0x0    886
0x0    887
0x0    888
0x0    889
0x0    890
0x0    891
0x0    892
0x0    893
0x0    894
0x0    895
0x0    896
0x0    897
0x0    898
0x0    899
0x0    900
0x0    901
0x0    902
0x0    903
0x0    904
0x0    905
0x0    906
0x0    907
0x0    908
0x0    909
0x0    910
0x0    911
0x0    912
0x0    913
0x0    914
0x0    915
0x0    916
0x0    917
0x0    918
0x0    919
0x0    920
0x0    921
0x0    922
0x0    923
0x0    924
0x0    925
0x0    926
0x0    927
0x0    928
0x0    929
0x0    930
0x0    931
0x0    932
0x0    933
0x0    934
0x0    935
0x0    936
0x0    937
0x0    938
0x0    939
0x0    940
0x0    941
0x0    942
0x0    943
0x0    944
0x0    945
0x0    946
0x0    947
0x0    948
0x0    949
0x0    950
0x0    951
0x0    952
0x0    953
0x0    954
0x0    955
0x0    956
0x0    957
0x0    958
0x0    959
0x0    960
0x0    961
0x0    962
0x0    963
0x0    964
0x0    965
0x0    966
0x0    967
0x0    968
0x0    969
0x0    970
0x0    971
0x0    972
0x0    973
0x0    974
0x0    975
0x0    976
0x0    977
0x0    978
0x0    979
0x0    980
0x0    981
0x0    982
0x0    983
0x0    984
0x0    985
0x0    986
0x0    987
0x0    988
0x0    989
0x0    990
0x0    991
0x0    992
0x0    993
0x0    994
0x0    995
0x0    996
0x0    997
0x0    998
0x0    999
0x0    1000
0x0    1001
0x0    1002
0x0    1003
0x0    1004
0x0    1005
0x0    1006
0x0    1007
0x0    1008
0x0    1009
0x0    1010
0x0    1011
0x0    1012
0x0    1013
0x0    1014
0x0    1015
0x0    1016
0x0    1017
0x0    1018
0x0    1019
0x0    1020
0x0    1021
0x0    1022
0x0    1023
